[2015-07-30 18-11-59] PHP Notice: Undefined variable: actuality_id in /data/web/virtuals/91735/virtual/temp/cache/latte/virtual-app-templates-Actuality-showActuality-latte-3a6d35e02830c37706055521e8fe080f.php:19  @  http://prabhupadbhavan.cz/aktuality/show-actuality?actuality_id=3
[2015-07-30 18-11-59] PHP Notice: Undefined variable: actuality_id in /data/web/virtuals/91735/virtual/temp/cache/latte/virtual-app-templates-Actuality-showActuality-latte-3a6d35e02830c37706055521e8fe080f.php:22  @  http://prabhupadbhavan.cz/aktuality/show-actuality?actuality_id=3
[2015-07-30 18-11-59] PHP Notice: Undefined variable: actuality_id in /data/web/virtuals/91735/virtual/temp/cache/latte/virtual-app-templates-Actuality-showActuality-latte-3a6d35e02830c37706055521e8fe080f.php:25  @  http://prabhupadbhavan.cz/aktuality/show-actuality?actuality_id=3
[2015-07-30 18-11-59] PHP Notice: Undefined variable: actuality_id in /data/web/virtuals/91735/virtual/temp/cache/latte/virtual-app-templates-Actuality-showActuality-latte-3a6d35e02830c37706055521e8fe080f.php:34  @  http://prabhupadbhavan.cz/aktuality/show-actuality?actuality_id=3
[2015-07-30 22-41-11] PHP Notice: Undefined variable: actuality_id in /data/web/virtuals/91735/virtual/temp/cache/latte/virtual-app-templates-Actuality-showActuality-latte-3a6d35e02830c37706055521e8fe080f.php:19  @  http://www.bhavan.cz/aktuality/show-actuality?actuality_id=1
[2015-07-30 22-41-11] PHP Notice: Undefined variable: actuality_id in /data/web/virtuals/91735/virtual/temp/cache/latte/virtual-app-templates-Actuality-showActuality-latte-3a6d35e02830c37706055521e8fe080f.php:22  @  http://www.bhavan.cz/aktuality/show-actuality?actuality_id=1
[2015-07-30 22-41-11] PHP Notice: Undefined variable: actuality_id in /data/web/virtuals/91735/virtual/temp/cache/latte/virtual-app-templates-Actuality-showActuality-latte-3a6d35e02830c37706055521e8fe080f.php:25  @  http://www.bhavan.cz/aktuality/show-actuality?actuality_id=1
[2015-07-30 22-41-11] PHP Notice: Undefined variable: actuality_id in /data/web/virtuals/91735/virtual/temp/cache/latte/virtual-app-templates-Actuality-showActuality-latte-3a6d35e02830c37706055521e8fe080f.php:34  @  http://www.bhavan.cz/aktuality/show-actuality?actuality_id=1
[2015-07-31 06-05-54] PHP Notice: Undefined variable: actuality_id in /data/web/virtuals/91735/virtual/temp/cache/latte/virtual-app-templates-Actuality-showActuality-latte-3a6d35e02830c37706055521e8fe080f.php:19  @  http://prabhupadbhavan.cz/aktuality/show-actuality?actuality_id=2
[2015-07-31 06-05-54] PHP Notice: Undefined variable: actuality_id in /data/web/virtuals/91735/virtual/temp/cache/latte/virtual-app-templates-Actuality-showActuality-latte-3a6d35e02830c37706055521e8fe080f.php:22  @  http://prabhupadbhavan.cz/aktuality/show-actuality?actuality_id=2
[2015-07-31 06-05-54] PHP Notice: Undefined variable: actuality_id in /data/web/virtuals/91735/virtual/temp/cache/latte/virtual-app-templates-Actuality-showActuality-latte-3a6d35e02830c37706055521e8fe080f.php:25  @  http://prabhupadbhavan.cz/aktuality/show-actuality?actuality_id=2
[2015-07-31 06-05-54] PHP Notice: Undefined variable: actuality_id in /data/web/virtuals/91735/virtual/temp/cache/latte/virtual-app-templates-Actuality-showActuality-latte-3a6d35e02830c37706055521e8fe080f.php:34  @  http://prabhupadbhavan.cz/aktuality/show-actuality?actuality_id=2
[2015-08-04 04-27-17] PHP Notice: Trying to get property of non-object in /data/web/virtuals/91735/virtual/temp/cache/latte/91735-virtual-app-templates-Galery-photos-latte-3a3ee7726dc152f688201de8de5af462.php:30  @  http://www.bhavan.cz/fotky/photos?galery_id=1
[2015-08-04 04-27-19] PHP Notice: Trying to get property of non-object in /data/web/virtuals/91735/virtual/temp/cache/latte/91735-virtual-app-templates-Galery-photos-latte-3a3ee7726dc152f688201de8de5af462.php:30  @  http://www.bhavan.cz/fotky/photos?galery_id=3
[2015-08-04 04-27-21] PHP Notice: Trying to get property of non-object in /data/web/virtuals/91735/virtual/temp/cache/latte/91735-virtual-app-templates-Galery-photos-latte-3a3ee7726dc152f688201de8de5af462.php:30  @  http://www.bhavan.cz/fotky/photos?galery_id=4
[2015-08-04 04-27-22] PHP Notice: Trying to get property of non-object in /data/web/virtuals/91735/virtual/temp/cache/latte/91735-virtual-app-templates-Galery-photos-latte-3a3ee7726dc152f688201de8de5af462.php:30  @  http://www.bhavan.cz/fotky/photos?galery_id=5
[2015-08-04 04-27-24] PHP Notice: Trying to get property of non-object in /data/web/virtuals/91735/virtual/temp/cache/latte/91735-virtual-app-templates-Galery-photos-latte-3a3ee7726dc152f688201de8de5af462.php:30  @  http://www.bhavan.cz/fotky/photos?galery_id=6
[2015-08-04 04-27-26] PHP Notice: Trying to get property of non-object in /data/web/virtuals/91735/virtual/temp/cache/latte/91735-virtual-app-templates-Galery-photos-latte-3a3ee7726dc152f688201de8de5af462.php:30  @  http://www.bhavan.cz/fotky/photos?galery_id=7
[2015-08-04 14-37-04] PHP Notice: Trying to get property of non-object in /data/web/virtuals/91735/virtual/temp/cache/latte/91735-virtual-app-templates-Galery-photos-latte-3a3ee7726dc152f688201de8de5af462.php:30  @  http://www.bhavan.cz/fotky/photos?galery_id=1
[2015-08-04 14-37-10] PHP Notice: Trying to get property of non-object in /data/web/virtuals/91735/virtual/temp/cache/latte/91735-virtual-app-templates-Galery-photos-latte-3a3ee7726dc152f688201de8de5af462.php:30  @  http://www.bhavan.cz/fotky/photos?galery_id=3
[2015-08-04 14-37-17] PHP Notice: Trying to get property of non-object in /data/web/virtuals/91735/virtual/temp/cache/latte/91735-virtual-app-templates-Galery-photos-latte-3a3ee7726dc152f688201de8de5af462.php:30  @  http://www.bhavan.cz/fotky/photos?galery_id=4
[2015-08-04 14-37-20] PHP Notice: Trying to get property of non-object in /data/web/virtuals/91735/virtual/temp/cache/latte/91735-virtual-app-templates-Galery-photos-latte-3a3ee7726dc152f688201de8de5af462.php:30  @  http://www.bhavan.cz/fotky/photos?galery_id=5
[2015-08-04 14-37-23] PHP Notice: Trying to get property of non-object in /data/web/virtuals/91735/virtual/temp/cache/latte/91735-virtual-app-templates-Galery-photos-latte-3a3ee7726dc152f688201de8de5af462.php:30  @  http://www.bhavan.cz/fotky/photos?galery_id=6
[2015-08-04 14-37-29] PHP Notice: Trying to get property of non-object in /data/web/virtuals/91735/virtual/temp/cache/latte/91735-virtual-app-templates-Galery-photos-latte-3a3ee7726dc152f688201de8de5af462.php:30  @  http://www.bhavan.cz/fotky/photos?galery_id=7
[2015-08-06 22-02-00] PHP Notice: Trying to get property of non-object in /data/web/virtuals/91735/virtual/temp/cache/latte/91735-virtual-app-templates-Galery-photos-latte-3a3ee7726dc152f688201de8de5af462.php:31  @  http://www.bhavan.cz/fotky/photos?galery_id=1
[2015-08-06 22-03-47] PHP Notice: Trying to get property of non-object in /data/web/virtuals/91735/virtual/temp/cache/latte/91735-virtual-app-templates-Galery-photos-latte-3a3ee7726dc152f688201de8de5af462.php:31  @  http://www.bhavan.cz/fotky/photos?galery_id=5
[2015-08-06 22-04-31] PHP Notice: Trying to get property of non-object in /data/web/virtuals/91735/virtual/temp/cache/latte/91735-virtual-app-templates-Galery-photos-latte-3a3ee7726dc152f688201de8de5af462.php:31  @  http://www.bhavan.cz/fotky/photos?galery_id=7
[2015-08-06 22-07-09] PHP Notice: Trying to get property of non-object in /data/web/virtuals/91735/virtual/temp/cache/latte/91735-virtual-app-templates-Galery-photos-latte-3a3ee7726dc152f688201de8de5af462.php:31  @  http://www.bhavan.cz/fotky/photos?galery_id=3
[2015-08-06 22-07-41] PHP Notice: Trying to get property of non-object in /data/web/virtuals/91735/virtual/temp/cache/latte/91735-virtual-app-templates-Galery-photos-latte-3a3ee7726dc152f688201de8de5af462.php:31  @  http://www.bhavan.cz/fotky/photos?galery_id=6
[2015-08-06 22-15-38] PHP Notice: Trying to get property of non-object in /data/web/virtuals/91735/virtual/temp/cache/latte/91735-virtual-app-templates-Galery-photos-latte-3a3ee7726dc152f688201de8de5af462.php:31  @  http://www.bhavan.cz/fotky/photos?galery_id=4
[2015-08-11 21-41-48] PHP Notice: Trying to get property of non-object in /data/web/virtuals/91735/virtual/temp/cache/latte/91735-virtual-app-templates-Galery-photos-latte-3a3ee7726dc152f688201de8de5af462.php:31  @  http://www.bhavan.cz/fotky/photos?galery_id=7
[2015-08-12 13-49-20] PHP Notice: Trying to get property of non-object in /data/web/virtuals/91735/virtual/temp/cache/latte/91735-virtual-app-templates-Galery-photos-latte-3a3ee7726dc152f688201de8de5af462.php:31  @  http://www.bhavan.cz/fotky/photos?galery_id=6
[2015-08-12 18-30-57] PHP Notice: Trying to get property of non-object in /data/web/virtuals/91735/virtual/temp/cache/latte/91735-virtual-app-templates-Galery-photos-latte-3a3ee7726dc152f688201de8de5af462.php:31  @  http://www.bhavan.cz/fotky/photos?galery_id=3
[2015-08-14 01-21-04] PHP Notice: Trying to get property of non-object in /data/web/virtuals/91735/virtual/temp/cache/latte/91735-virtual-app-templates-Galery-photos-latte-3a3ee7726dc152f688201de8de5af462.php:31  @  http://www.bhavan.cz/fotky/photos?galery_id=5
[2015-08-14 08-17-37] PHP Notice: Trying to get property of non-object in /data/web/virtuals/91735/virtual/temp/cache/latte/91735-virtual-app-templates-Galery-photos-latte-3a3ee7726dc152f688201de8de5af462.php:31  @  http://www.bhavan.cz/fotky/photos?galery_id=4
[2015-08-14 08-55-16] PHP Notice: Trying to get property of non-object in /data/web/virtuals/91735/virtual/temp/cache/latte/91735-virtual-app-templates-Galery-photos-latte-3a3ee7726dc152f688201de8de5af462.php:31  @  http://www.bhavan.cz/fotky/photos?galery_id=1
[2015-08-18 11-42-05] PHP Notice: Trying to get property of non-object in /data/web/virtuals/91735/virtual/temp/cache/latte/91735-virtual-app-templates-Audio-audioFolder-latte-beebbaca272e5bd2363430b708e4157d.php:28  @  http://www.bhavan.cz/audio/audio-folder?interpret_id=5
[2015-08-19 16-31-08] PHP Notice: Trying to get property of non-object in /data/web/virtuals/91735/virtual/temp/cache/latte/91735-virtual-app-templates-Galery-photos-latte-3a3ee7726dc152f688201de8de5af462.php:31  @  http://www.bhavan.cz/fotky/photos?galery_id=1
[2015-08-19 16-31-16] PHP Notice: Trying to get property of non-object in /data/web/virtuals/91735/virtual/temp/cache/latte/91735-virtual-app-templates-Galery-photos-latte-3a3ee7726dc152f688201de8de5af462.php:31  @  http://www.bhavan.cz/fotky/photos?galery_id=3
[2015-08-19 16-31-18] PHP Notice: Trying to get property of non-object in /data/web/virtuals/91735/virtual/temp/cache/latte/91735-virtual-app-templates-Galery-photos-latte-3a3ee7726dc152f688201de8de5af462.php:31  @  http://www.bhavan.cz/fotky/photos?galery_id=4
[2015-08-19 16-31-23] PHP Notice: Trying to get property of non-object in /data/web/virtuals/91735/virtual/temp/cache/latte/91735-virtual-app-templates-Galery-photos-latte-3a3ee7726dc152f688201de8de5af462.php:31  @  http://www.bhavan.cz/fotky/photos?galery_id=5
[2015-08-19 16-31-25] PHP Notice: Trying to get property of non-object in /data/web/virtuals/91735/virtual/temp/cache/latte/91735-virtual-app-templates-Galery-photos-latte-3a3ee7726dc152f688201de8de5af462.php:31  @  http://www.bhavan.cz/fotky/photos?galery_id=6
[2015-08-19 16-31-27] PHP Notice: Trying to get property of non-object in /data/web/virtuals/91735/virtual/temp/cache/latte/91735-virtual-app-templates-Galery-photos-latte-3a3ee7726dc152f688201de8de5af462.php:31  @  http://www.bhavan.cz/fotky/photos?galery_id=7
[2015-08-20 09-26-18] PHP Notice: Trying to get property of non-object in /data/web/virtuals/91735/virtual/temp/cache/latte/91735-virtual-app-templates-Galery-photos-latte-3a3ee7726dc152f688201de8de5af462.php:31  @  http://www.bhavan.cz/fotky/photos?galery_id=1
[2015-08-20 09-26-20] PHP Notice: Trying to get property of non-object in /data/web/virtuals/91735/virtual/temp/cache/latte/91735-virtual-app-templates-Galery-photos-latte-3a3ee7726dc152f688201de8de5af462.php:31  @  http://www.bhavan.cz/fotky/photos?galery_id=3
[2015-08-20 09-26-21] PHP Notice: Trying to get property of non-object in /data/web/virtuals/91735/virtual/temp/cache/latte/91735-virtual-app-templates-Galery-photos-latte-3a3ee7726dc152f688201de8de5af462.php:31  @  http://www.bhavan.cz/fotky/photos?galery_id=4
[2015-08-21 01-22-45] PHP Notice: Trying to get property of non-object in /data/web/virtuals/91735/virtual/temp/cache/latte/91735-virtual-app-templates-Galery-photos-latte-3a3ee7726dc152f688201de8de5af462.php:31  @  http://www.bhavan.cz/fotky/photos?galery_id=4
[2015-08-21 13-08-37] PHP Notice: Trying to get property of non-object in /data/web/virtuals/91735/virtual/temp/cache/latte/91735-virtual-app-templates-Galery-photos-latte-3a3ee7726dc152f688201de8de5af462.php:31  @  http://www.bhavan.cz/fotky/photos?galery_id=5
[2015-08-21 20-18-14] PHP Notice: Trying to get property of non-object in /data/web/virtuals/91735/virtual/temp/cache/latte/91735-virtual-app-templates-Galery-photos-latte-3a3ee7726dc152f688201de8de5af462.php:31  @  http://www.bhavan.cz/fotky/photos?galery_id=5
[2015-08-21 20-18-16] PHP Notice: Trying to get property of non-object in /data/web/virtuals/91735/virtual/temp/cache/latte/91735-virtual-app-templates-Galery-photos-latte-3a3ee7726dc152f688201de8de5af462.php:31  @  http://www.bhavan.cz/fotky/photos?galery_id=6
[2015-08-21 20-18-18] PHP Notice: Trying to get property of non-object in /data/web/virtuals/91735/virtual/temp/cache/latte/91735-virtual-app-templates-Galery-photos-latte-3a3ee7726dc152f688201de8de5af462.php:31  @  http://www.bhavan.cz/fotky/photos?galery_id=7
[2015-08-24 08-22-23] PHP Notice: Trying to get property of non-object in /data/web/virtuals/91735/virtual/temp/cache/latte/91735-virtual-app-templates-Galery-photos-latte-3a3ee7726dc152f688201de8de5af462.php:31  @  http://www.bhavan.cz/fotky/photos?galery_id=5
[2015-08-24 08-22-24] PHP Notice: Trying to get property of non-object in /data/web/virtuals/91735/virtual/temp/cache/latte/91735-virtual-app-templates-Galery-photos-latte-3a3ee7726dc152f688201de8de5af462.php:31  @  http://www.bhavan.cz/fotky/photos?galery_id=6
[2015-08-25 22-02-27] PHP Notice: Trying to get property of non-object in /data/web/virtuals/91735/virtual/temp/cache/latte/91735-virtual-app-templates-Galery-photos-latte-3a3ee7726dc152f688201de8de5af462.php:31  @  http://www.bhavan.cz/fotky/photos?galery_id=1
[2015-08-26 14-26-43] PHP Notice: Trying to get property of non-object in /data/web/virtuals/91735/virtual/temp/cache/latte/91735-virtual-app-templates-Galery-photos-latte-3a3ee7726dc152f688201de8de5af462.php:31  @  http://www.bhavan.cz/fotky/photos?galery_id=7
[2015-08-30 00-09-49] PHP Notice: Trying to get property of non-object in /data/web/virtuals/91735/virtual/temp/cache/latte/91735-virtual-app-templates-Galery-photos-latte-3a3ee7726dc152f688201de8de5af462.php:31  @  http://www.bhavan.cz/fotky/photos?galery_id=7
[2015-09-04 19-59-17] PHP Notice: Trying to get property of non-object in /data/web/virtuals/91735/virtual/temp/cache/latte/91735-virtual-app-templates-Galery-photos-latte-3a3ee7726dc152f688201de8de5af462.php:31  @  http://www.bhavan.cz/fotky/photos?galery_id=5
[2015-09-14 00-54-15] PHP Notice: Trying to get property of non-object in /data/web/virtuals/91735/virtual/temp/cache/latte/91735-virtual-app-templates-Galery-photos-latte-3a3ee7726dc152f688201de8de5af462.php:31  @  http://www.bhavan.cz/fotky/photos?galery_id=1
[2015-09-30 06-06-25] PHP Notice: Trying to get property of non-object in /data/web/virtuals/91735/virtual/temp/cache/latte/91735-virtual-app-templates-Galery-photos-latte-3a3ee7726dc152f688201de8de5af462.php:31  @  http://www.bhavan.cz/fotky/photos?galery_id=1
[2015-09-30 07-23-34] PHP Notice: Undefined offset: 1 in /data/web/virtuals/91735/virtual/app/model/Actuality.php:85  @  http://www.bhavan.cz/admin1896/actuality/update-from-icloud
[2015-09-30 07-23-34] PHP Notice: Undefined offset: 1 in /data/web/virtuals/91735/virtual/app/model/Actuality.php:93  @  http://www.bhavan.cz/admin1896/actuality/update-from-icloud
[2015-09-30 07-23-34] PHP Notice: Undefined offset: 1 in /data/web/virtuals/91735/virtual/app/model/Actuality.php:105  @  http://www.bhavan.cz/admin1896/actuality/update-from-icloud
[2015-09-30 07-26-51] PHP Notice: Undefined offset: 1 in /data/web/virtuals/91735/virtual/app/model/Actuality.php:85  @  http://www.bhavan.cz/admin1896/actuality/update-from-icloud
[2015-09-30 07-26-51] PHP Notice: Undefined offset: 1 in /data/web/virtuals/91735/virtual/app/model/Actuality.php:93  @  http://www.bhavan.cz/admin1896/actuality/update-from-icloud
[2015-09-30 07-26-51] PHP Notice: Undefined offset: 1 in /data/web/virtuals/91735/virtual/app/model/Actuality.php:105  @  http://www.bhavan.cz/admin1896/actuality/update-from-icloud
[2015-10-06 08-25-03] PHP Notice: Trying to get property of non-object in /data/web/virtuals/91735/virtual/temp/cache/latte/91735-virtual-app-templates-Galery-photos-latte-3a3ee7726dc152f688201de8de5af462.php:31  @  http://www.bhavan.cz/fotky/photos?galery_id=7
[2015-10-06 23-10-47] PHP Notice: Trying to get property of non-object in /data/web/virtuals/91735/virtual/temp/cache/latte/91735-virtual-app-templates-Galery-photos-latte-3a3ee7726dc152f688201de8de5af462.php:31  @  http://www.bhavan.cz/fotky/photos?galery_id=7
[2015-12-01 14-55-35] PHP Notice: Undefined variable: galery in /Users/bart/PHP/Prabhupád Bhavan/web/temp/cache/latte/app-AdminModule-templates-Galery-photo-box-latte-Template031458d223292998aa5c437173469542.php:34  @  http://localhost:8888/Prabhup%C3%A1d%20Bhavan/web/www/admin1896/galery/detail?galery_id=36&do=uploadFile 
[2015-12-01 14-55-35] PHP Notice: Trying to get property of non-object in /Users/bart/PHP/Prabhupád Bhavan/web/temp/cache/latte/app-AdminModule-templates-Galery-photo-box-latte-Template031458d223292998aa5c437173469542.php:34  @  http://localhost:8888/Prabhup%C3%A1d%20Bhavan/web/www/admin1896/galery/detail?galery_id=36&do=uploadFile 
[2015-12-01 15-36-58] PHP Notice: Undefined variable: galery in /Users/bart/PHP/Prabhupád Bhavan/web/temp/cache/latte/app-AdminModule-templates-Galery-photo-box-latte-Template031458d223292998aa5c437173469542.php:34  @  http://localhost:8888/Prabhup%C3%A1d%20Bhavan/web/www/admin1896/galery/detail?galery_id=36&do=uploadFile 
[2015-12-01 15-36-58] PHP Notice: Trying to get property of non-object in /Users/bart/PHP/Prabhupád Bhavan/web/temp/cache/latte/app-AdminModule-templates-Galery-photo-box-latte-Template031458d223292998aa5c437173469542.php:34  @  http://localhost:8888/Prabhup%C3%A1d%20Bhavan/web/www/admin1896/galery/detail?galery_id=36&do=uploadFile 
[2015-12-01 15-39-02] PHP Notice: Undefined variable: galery in /Users/bart/PHP/Prabhupád Bhavan/web/temp/cache/latte/app-AdminModule-templates-Galery-photo-box-latte-Template031458d223292998aa5c437173469542.php:34  @  http://localhost:8888/Prabhup%C3%A1d%20Bhavan/web/www/admin1896/galery/detail?galery_id=36&do=uploadFile 
[2015-12-01 15-39-02] PHP Notice: Trying to get property of non-object in /Users/bart/PHP/Prabhupád Bhavan/web/temp/cache/latte/app-AdminModule-templates-Galery-photo-box-latte-Template031458d223292998aa5c437173469542.php:34  @  http://localhost:8888/Prabhup%C3%A1d%20Bhavan/web/www/admin1896/galery/detail?galery_id=36&do=uploadFile 
